<?xml version="1.0" encoding="UTF-8"?>
<!-- Generated by org.testng.reporters.JUnitXMLReporter -->
<testsuite hostname="DESKTOP-N60QB27" ignored="0" name="Login Test" tests="3" failures="0" timestamp="2022-10-23T02:40:38 IST" time="25.815" errors="0">
  <testcase name="loginTest" time="13.205" classname="testcases.smoke.LoginTest"/>
  <testcase name="logOutTest" time="1.478" classname="testcases.smoke.LoginTest"/>
  <testcase name="read" time="9.943" classname="testcases.smoke.LoginTest"/>
</testsuite> <!-- Login Test -->
