<?xml version="1.0" encoding="UTF-8"?>
<testng-results skipped="0" failed="0" ignored="0" total="3" passed="3">
  <reporter-output>
  </reporter-output>
  <suite name="Suite" duration-ms="25815" started-at="2022-10-23T02:40:12 IST" finished-at="2022-10-23T02:40:38 IST">
    <groups>
    </groups>
    <test name="Login Test" duration-ms="25815" started-at="2022-10-23T02:40:12 IST" finished-at="2022-10-23T02:40:38 IST">
      <class name="testcases.smoke.LoginTest">
        <test-method status="PASS" signature="setUp()[pri:0, instance:testcases.smoke.LoginTest@5745ca0e]" name="setUp" is-config="true" duration-ms="35882" started-at="2022-10-23T02:39:36 IST" finished-at="2022-10-23T02:40:12 IST">
          <reporter-output>
          </reporter-output>
        </test-method> <!-- setUp -->
        <test-method status="PASS" signature="beforeClass()[pri:0, instance:testcases.smoke.LoginTest@5745ca0e]" name="beforeClass" is-config="true" duration-ms="226" started-at="2022-10-23T02:40:12 IST" finished-at="2022-10-23T02:40:12 IST">
          <reporter-output>
          </reporter-output>
        </test-method> <!-- beforeClass -->
        <test-method status="PASS" signature="loginTest()[pri:0, instance:testcases.smoke.LoginTest@5745ca0e]" name="loginTest" duration-ms="13205" started-at="2022-10-23T02:40:12 IST" finished-at="2022-10-23T02:40:25 IST">
          <reporter-output>
          </reporter-output>
        </test-method> <!-- loginTest -->
        <test-method status="PASS" signature="logOutTest()[pri:1, instance:testcases.smoke.LoginTest@5745ca0e]" name="logOutTest" duration-ms="1478" started-at="2022-10-23T02:40:26 IST" finished-at="2022-10-23T02:40:28 IST">
          <reporter-output>
          </reporter-output>
        </test-method> <!-- logOutTest -->
        <test-method status="PASS" signature="read()[pri:2, instance:testcases.smoke.LoginTest@5745ca0e]" name="read" duration-ms="9943" started-at="2022-10-23T02:40:28 IST" finished-at="2022-10-23T02:40:38 IST">
          <reporter-output>
          </reporter-output>
        </test-method> <!-- read -->
        <test-method status="PASS" signature="tearDown()[pri:0, instance:testcases.smoke.LoginTest@5745ca0e]" name="tearDown" is-config="true" duration-ms="1653" started-at="2022-10-23T02:40:38 IST" finished-at="2022-10-23T02:40:39 IST">
          <reporter-output>
          </reporter-output>
        </test-method> <!-- tearDown -->
      </class> <!-- testcases.smoke.LoginTest -->
    </test> <!-- Login Test -->
  </suite> <!-- Suite -->
</testng-results>
